#
# An unexpected error has occurred (11)
#
Stack:
/opt/Xilinx/Vivado/2017.4/tps/lnx64/jre/lib/amd64/server/libjvm.so(+0x923da9) [0x7f3d2d3fada9]
/opt/Xilinx/Vivado/2017.4/tps/lnx64/jre/lib/amd64/server/libjvm.so(JVM_handle_linux_signal+0xb6) [0x7f3d2d4013f6]
/opt/Xilinx/Vivado/2017.4/tps/lnx64/jre/lib/amd64/server/libjvm.so(+0x9209d3) [0x7f3d2d3f79d3]
/lib/x86_64-linux-gnu/libc.so.6(+0x3ef20) [0x7f3d6afa0f20]
/opt/Xilinx/Vivado/2017.4/lib/lnx64.o/librdi_coregen.so(__gnu_cxx::__normal_iterator<HACGPAbstractionDefinitionPortsPort* const*, std::vector<HACGPAbstractionDefinitionPortsPort*, std::allocator<HACGPAbstractionDefinitionPortsPort*> > > std::__find_if<__gnu_cxx::__normal_iterator<HACGPAbstractionDefinitionPortsPort* const*, std::vector<HACGPAbstractionDefinitionPortsPort*, std::allocator<HACGPAbstractionDefinitionPortsPort*> > >, __gnu_cxx::__ops::_Iter_pred<boost::_bi::bind_t<bool, boost::_bi::equal, boost::_bi::list2<boost::_bi::bind_t<std::__cxx11::basic_string<char, std::char_traits<char>, std::allocator<char> > const&, boost::_mfi::cmf0<std::__cxx11::basic_string<char, std::char_traits<char>, std::allocator<char> > const&, HACGPAbstractionDefinitionPortsPort>, boost::_bi::list1<boost::arg<1> > >, boost::_bi::value<std::__cxx11::basic_string<char, std::char_traits<char>, std::allocator<char> > > > > > >(__gnu_cxx::__normal_iterator<HACGPAbstractionDefinitionPortsPort* const*, std::vector<HACGPAbstractionDefinitionPortsPort*, std::allocator<HACGPAbstractionDefinitionPortsPort*> > >, __gnu_cxx::__normal_iterator<HACGPAbstractionDefinitionPortsPort* const*, std::vector<HACGPAbstractionDefinitionPortsPort*, std::allocator<HACGPAbstractionDefinitionPortsPort*> > >, __gnu_cxx::__ops::_Iter_pred<boost::_bi::bind_t<bool, boost::_bi::equal, boost::_bi::list2<boost::_bi::bind_t<std::__cxx11::basic_string<char, std::char_traits<char>, std::allocator<char> > const&, boost::_mfi::cmf0<std::__cxx11::basic_string<char, std::char_traits<char>, std::allocator<char> > const&, HACGPAbstractionDefinitionPortsPort>, boost::_bi::list1<boost::arg<1> > >, boost::_bi::value<std::__cxx11::basic_string<char, std::char_traits<char>, std::allocator<char> > > > > >, std::random_access_iterator_tag)+0xc5) [0x7f3d59cfa8f5]
/opt/Xilinx/Vivado/2017.4/lib/lnx64.o/librdi_coregen.so(+0xdd0cf4) [0x7f3d59cfacf4]
/opt/Xilinx/Vivado/2017.4/lib/lnx64.o/librdi_coregen.so(HRSBCoAbsDefUtil::isClockAbsDefPort(std::__cxx11::basic_string<char, std::char_traits<char>, std::allocator<char> > const&) const+0x10) [0x7f3d5a331ef0]
/opt/Xilinx/Vivado/2017.4/lib/lnx64.o/librdi_rsb.so(HRSBEnUtil::writeOOCXdcFile(std::__cxx11::basic_string<char, std::char_traits<char>, std::allocator<char> > const&, HRSBMoDiagram*)+0x6bf) [0x7f3d3d5fcf5f]
/opt/Xilinx/Vivado/2017.4/lib/lnx64.o/librdi_rsb.so(HRSBEnEngineMgr::generateDesign(std::__cxx11::basic_string<char, std::char_traits<char>, std::allocator<char> > const&, std::__cxx11::basic_string<char, std::char_traits<char>, std::allocator<char> > const&)+0x963) [0x7f3d3d5c8cb3]
/opt/Xilinx/Vivado/2017.4/lib/lnx64.o/librdi_rsb.so(HRSBEnCompositeFile::generateTopHdlWrapper(std::__cxx11::basic_string<char, std::char_traits<char>, std::allocator<char> > const&, HDGUIStatus&)+0xd9) [0x7f3d3d57b3c9]
/opt/Xilinx/Vivado/2017.4/lib/lnx64.o/librdi_rsb.so(HRSBEnCompositeFile::_generateFor_(HSTVector<std::__cxx11::basic_string<char, std::char_traits<char>, std::allocator<char> >, std::allocator<std::__cxx11::basic_string<char, std::char_traits<char>, std::allocator<char> > > > const&, HDGUIStatus&, bool)+0x660) [0x7f3d3d586800]
/opt/Xilinx/Vivado/2017.4/lib/lnx64.o/librdi_filemgmt.so(HDDACompositeFile::generateFor(HSTVector<std::__cxx11::basic_string<char, std::char_traits<char>, std::allocator<char> >, std::allocator<std::__cxx11::basic_string<char, std::char_traits<char>, std::allocator<char> > > > const&, HDGUIStatus&, bool)+0x29a) [0x7f3d468a679a]
/opt/Xilinx/Vivado/2017.4/lib/lnx64.o/librdi_filemgmt.so(HDDACompositeFile::generateFor(HDDATypes::GenerationTarget, HDGUIStatus&, bool)+0x83) [0x7f3d468a6c53]
/opt/Xilinx/Vivado/2017.4/lib/lnx64.o/librdi_tcltasks.so(+0x13c75dc) [0x7f3d5f1f95dc]
/opt/Xilinx/Vivado/2017.4/lib/lnx64.o/librdi_tcltasks.so(+0x13cb8b6) [0x7f3d5f1fd8b6]
/opt/Xilinx/Vivado/2017.4/lib/lnx64.o/librdi_common.so(+0x747f82) [0x7f3d6c23bf82]
/opt/Xilinx/Vivado/2017.4/lib/lnx64.o/libtcl8.5.so(+0x334af) [0x7f3d66a674af]
/opt/Xilinx/Vivado/2017.4/lib/lnx64.o/libtcl8.5.so(+0x76875) [0x7f3d66aaa875]
/opt/Xilinx/Vivado/2017.4/lib/lnx64.o/libtcl8.5.so(+0x7e029) [0x7f3d66ab2029]
/opt/Xilinx/Vivado/2017.4/lib/lnx64.o/libtcl8.5.so(TclEvalObjEx+0x76) [0x7f3d66a69156]
/opt/Xilinx/Vivado/2017.4/lib/lnx64.o/librdi_common.so(+0x746491) [0x7f3d6c23a491]
/opt/Xilinx/Vivado/2017.4/lib/lnx64.o/libtcl8.5.so(Tcl_ServiceEvent+0x7f) [0x7f3d66adbb0f]
/opt/Xilinx/Vivado/2017.4/lib/lnx64.o/libtcl8.5.so(Tcl_DoOneEvent+0x154) [0x7f3d66adbe44]
/opt/Xilinx/Vivado/2017.4/lib/lnx64.o/librdi_commontasks.so(+0x1f9215) [0x7f3d61c00215]
/opt/Xilinx/Vivado/2017.4/lib/lnx64.o/librdi_commontasks.so(+0x2011a3) [0x7f3d61c081a3]
/opt/Xilinx/Vivado/2017.4/lib/lnx64.o/librdi_commontasks.so(+0x20223e) [0x7f3d61c0923e]
/opt/Xilinx/Vivado/2017.4/lib/lnx64.o/librdi_common.so(+0x747f82) [0x7f3d6c23bf82]
/opt/Xilinx/Vivado/2017.4/lib/lnx64.o/libtcl8.5.so(+0x334af) [0x7f3d66a674af]
/opt/Xilinx/Vivado/2017.4/lib/lnx64.o/libtcl8.5.so(+0x76875) [0x7f3d66aaa875]
/opt/Xilinx/Vivado/2017.4/lib/lnx64.o/libtcl8.5.so(+0x7e029) [0x7f3d66ab2029]
/opt/Xilinx/Vivado/2017.4/lib/lnx64.o/libtcl8.5.so(TclEvalObjEx+0x76) [0x7f3d66a69156]
/opt/Xilinx/Vivado/2017.4/lib/lnx64.o/librdi_commonmain.so(+0x7414) [0x7f3d6b8f0414]
/opt/Xilinx/Vivado/2017.4/lib/lnx64.o/libtcl8.5.so(Tcl_Main+0x1d0) [0x7f3d66ad4210]
/opt/Xilinx/Vivado/2017.4/lib/lnx64.o/librdi_common.so(+0x78ad0b) [0x7f3d6c27ed0b]
/lib/x86_64-linux-gnu/libpthread.so.0(+0x76db) [0x7f3d6ad4a6db]
/lib/x86_64-linux-gnu/libc.so.6(clone+0x3f) [0x7f3d6b08388f]
