
*** Running vivado
    with args -log hdmi_out_auto_pc_1.vds -m64 -product Vivado -mode batch -messageDb vivado.pb -notrace -source hdmi_out_auto_pc_1.tcl


****** Vivado v2016.4 (64-bit)
  **** SW Build 1756540 on Mon Jan 23 19:11:19 MST 2017
  **** IP Build 1755317 on Mon Jan 23 20:30:07 MST 2017
    ** Copyright 1986-2016 Xilinx, Inc. All Rights Reserved.

Sourcing tcl script '/home/jgoeders/.Xilinx/Vivado/init.tcl'
source hdmi_out_auto_pc_1.tcl -notrace
Starting RTL Elaboration : Time (s): cpu = 00:00:17 ; elapsed = 00:00:22 . Memory (MB): peak = 1136.555 ; gain = 206.086 ; free physical = 26805 ; free virtual = 51126
INFO: [Synth 8-638] synthesizing module 'hdmi_out_auto_pc_1' [/home/jgoeders/Arty-Z7-20-hdmi-out/src/bd/hdmi_out/ip/hdmi_out_auto_pc_1/synth/hdmi_out_auto_pc_1.v:58]
INFO: [Synth 8-638] synthesizing module 'axi_protocol_converter_v2_1_11_axi_protocol_converter' [/home/jgoeders/Arty-Z7-20-hdmi-out/src/bd/hdmi_out/ipshared/df1b/hdl/axi_protocol_converter_v2_1_vl_rfs.v:4806]
INFO: [Synth 8-638] synthesizing module 'axi_protocol_converter_v2_1_11_b2s' [/home/jgoeders/Arty-Z7-20-hdmi-out/src/bd/hdmi_out/ipshared/df1b/hdl/axi_protocol_converter_v2_1_vl_rfs.v:4224]
INFO: [Synth 8-638] synthesizing module 'axi_protocol_converter_v2_1_11_b2s_aw_channel' [/home/jgoeders/Arty-Z7-20-hdmi-out/src/bd/hdmi_out/ipshared/df1b/hdl/axi_protocol_converter_v2_1_vl_rfs.v:3969]
INFO: [Synth 8-638] synthesizing module 'axi_protocol_converter_v2_1_11_b2s_cmd_translator' [/home/jgoeders/Arty-Z7-20-hdmi-out/src/bd/hdmi_out/ipshared/df1b/hdl/axi_protocol_converter_v2_1_vl_rfs.v:3467]
INFO: [Synth 8-638] synthesizing module 'axi_protocol_converter_v2_1_11_b2s_incr_cmd' [/home/jgoeders/Arty-Z7-20-hdmi-out/src/bd/hdmi_out/ipshared/df1b/hdl/axi_protocol_converter_v2_1_vl_rfs.v:3093]
INFO: [Synth 8-256] done synthesizing module 'axi_protocol_converter_v2_1_11_b2s_incr_cmd' (1#1) [/home/jgoeders/Arty-Z7-20-hdmi-out/src/bd/hdmi_out/ipshared/df1b/hdl/axi_protocol_converter_v2_1_vl_rfs.v:3093]
INFO: [Synth 8-638] synthesizing module 'axi_protocol_converter_v2_1_11_b2s_wrap_cmd' [/home/jgoeders/Arty-Z7-20-hdmi-out/src/bd/hdmi_out/ipshared/df1b/hdl/axi_protocol_converter_v2_1_vl_rfs.v:2903]
INFO: [Synth 8-256] done synthesizing module 'axi_protocol_converter_v2_1_11_b2s_wrap_cmd' (2#1) [/home/jgoeders/Arty-Z7-20-hdmi-out/src/bd/hdmi_out/ipshared/df1b/hdl/axi_protocol_converter_v2_1_vl_rfs.v:2903]
INFO: [Synth 8-256] done synthesizing module 'axi_protocol_converter_v2_1_11_b2s_cmd_translator' (3#1) [/home/jgoeders/Arty-Z7-20-hdmi-out/src/bd/hdmi_out/ipshared/df1b/hdl/axi_protocol_converter_v2_1_vl_rfs.v:3467]
INFO: [Synth 8-638] synthesizing module 'axi_protocol_converter_v2_1_11_b2s_wr_cmd_fsm' [/home/jgoeders/Arty-Z7-20-hdmi-out/src/bd/hdmi_out/ipshared/df1b/hdl/axi_protocol_converter_v2_1_vl_rfs.v:3225]
INFO: [Synth 8-256] done synthesizing module 'axi_protocol_converter_v2_1_11_b2s_wr_cmd_fsm' (4#1) [/home/jgoeders/Arty-Z7-20-hdmi-out/src/bd/hdmi_out/ipshared/df1b/hdl/axi_protocol_converter_v2_1_vl_rfs.v:3225]
INFO: [Synth 8-256] done synthesizing module 'axi_protocol_converter_v2_1_11_b2s_aw_channel' (5#1) [/home/jgoeders/Arty-Z7-20-hdmi-out/src/bd/hdmi_out/ipshared/df1b/hdl/axi_protocol_converter_v2_1_vl_rfs.v:3969]
INFO: [Synth 8-638] synthesizing module 'axi_protocol_converter_v2_1_11_b2s_b_channel' [/home/jgoeders/Arty-Z7-20-hdmi-out/src/bd/hdmi_out/ipshared/df1b/hdl/axi_protocol_converter_v2_1_vl_rfs.v:3609]
INFO: [Synth 8-638] synthesizing module 'axi_protocol_converter_v2_1_11_b2s_simple_fifo' [/home/jgoeders/Arty-Z7-20-hdmi-out/src/bd/hdmi_out/ipshared/df1b/hdl/axi_protocol_converter_v2_1_vl_rfs.v:2816]
INFO: [Synth 8-256] done synthesizing module 'axi_protocol_converter_v2_1_11_b2s_simple_fifo' (6#1) [/home/jgoeders/Arty-Z7-20-hdmi-out/src/bd/hdmi_out/ipshared/df1b/hdl/axi_protocol_converter_v2_1_vl_rfs.v:2816]
INFO: [Synth 8-638] synthesizing module 'axi_protocol_converter_v2_1_11_b2s_simple_fifo__parameterized0' [/home/jgoeders/Arty-Z7-20-hdmi-out/src/bd/hdmi_out/ipshared/df1b/hdl/axi_protocol_converter_v2_1_vl_rfs.v:2816]
INFO: [Synth 8-256] done synthesizing module 'axi_protocol_converter_v2_1_11_b2s_simple_fifo__parameterized0' (6#1) [/home/jgoeders/Arty-Z7-20-hdmi-out/src/bd/hdmi_out/ipshared/df1b/hdl/axi_protocol_converter_v2_1_vl_rfs.v:2816]
INFO: [Synth 8-256] done synthesizing module 'axi_protocol_converter_v2_1_11_b2s_b_channel' (7#1) [/home/jgoeders/Arty-Z7-20-hdmi-out/src/bd/hdmi_out/ipshared/df1b/hdl/axi_protocol_converter_v2_1_vl_rfs.v:3609]
INFO: [Synth 8-638] synthesizing module 'axi_protocol_converter_v2_1_11_b2s_ar_channel' [/home/jgoeders/Arty-Z7-20-hdmi-out/src/bd/hdmi_out/ipshared/df1b/hdl/axi_protocol_converter_v2_1_vl_rfs.v:4080]
INFO: [Synth 8-638] synthesizing module 'axi_protocol_converter_v2_1_11_b2s_rd_cmd_fsm' [/home/jgoeders/Arty-Z7-20-hdmi-out/src/bd/hdmi_out/ipshared/df1b/hdl/axi_protocol_converter_v2_1_vl_rfs.v:3336]
INFO: [Synth 8-256] done synthesizing module 'axi_protocol_converter_v2_1_11_b2s_rd_cmd_fsm' (8#1) [/home/jgoeders/Arty-Z7-20-hdmi-out/src/bd/hdmi_out/ipshared/df1b/hdl/axi_protocol_converter_v2_1_vl_rfs.v:3336]
INFO: [Synth 8-256] done synthesizing module 'axi_protocol_converter_v2_1_11_b2s_ar_channel' (9#1) [/home/jgoeders/Arty-Z7-20-hdmi-out/src/bd/hdmi_out/ipshared/df1b/hdl/axi_protocol_converter_v2_1_vl_rfs.v:4080]
INFO: [Synth 8-638] synthesizing module 'axi_protocol_converter_v2_1_11_b2s_r_channel' [/home/jgoeders/Arty-Z7-20-hdmi-out/src/bd/hdmi_out/ipshared/df1b/hdl/axi_protocol_converter_v2_1_vl_rfs.v:3809]
INFO: [Synth 8-638] synthesizing module 'axi_protocol_converter_v2_1_11_b2s_simple_fifo__parameterized1' [/home/jgoeders/Arty-Z7-20-hdmi-out/src/bd/hdmi_out/ipshared/df1b/hdl/axi_protocol_converter_v2_1_vl_rfs.v:2816]
INFO: [Synth 8-256] done synthesizing module 'axi_protocol_converter_v2_1_11_b2s_simple_fifo__parameterized1' (9#1) [/home/jgoeders/Arty-Z7-20-hdmi-out/src/bd/hdmi_out/ipshared/df1b/hdl/axi_protocol_converter_v2_1_vl_rfs.v:2816]
INFO: [Synth 8-638] synthesizing module 'axi_protocol_converter_v2_1_11_b2s_simple_fifo__parameterized2' [/home/jgoeders/Arty-Z7-20-hdmi-out/src/bd/hdmi_out/ipshared/df1b/hdl/axi_protocol_converter_v2_1_vl_rfs.v:2816]
INFO: [Synth 8-256] done synthesizing module 'axi_protocol_converter_v2_1_11_b2s_simple_fifo__parameterized2' (9#1) [/home/jgoeders/Arty-Z7-20-hdmi-out/src/bd/hdmi_out/ipshared/df1b/hdl/axi_protocol_converter_v2_1_vl_rfs.v:2816]
INFO: [Synth 8-256] done synthesizing module 'axi_protocol_converter_v2_1_11_b2s_r_channel' (10#1) [/home/jgoeders/Arty-Z7-20-hdmi-out/src/bd/hdmi_out/ipshared/df1b/hdl/axi_protocol_converter_v2_1_vl_rfs.v:3809]
INFO: [Synth 8-638] synthesizing module 'axi_register_slice_v2_1_11_axi_register_slice' [/home/jgoeders/Arty-Z7-20-hdmi-out/src/bd/hdmi_out/ipshared/0b6b/hdl/axi_register_slice_v2_1_vl_rfs.v:791]
INFO: [Synth 8-638] synthesizing module 'axi_infrastructure_v1_1_0_axi2vector' [/home/jgoeders/Arty-Z7-20-hdmi-out/src/bd/hdmi_out/ipshared/7e3a/hdl/axi_infrastructure_v1_1_vl_rfs.v:60]
INFO: [Synth 8-256] done synthesizing module 'axi_infrastructure_v1_1_0_axi2vector' (11#1) [/home/jgoeders/Arty-Z7-20-hdmi-out/src/bd/hdmi_out/ipshared/7e3a/hdl/axi_infrastructure_v1_1_vl_rfs.v:60]
INFO: [Synth 8-638] synthesizing module 'axi_register_slice_v2_1_11_axic_register_slice' [/home/jgoeders/Arty-Z7-20-hdmi-out/src/bd/hdmi_out/ipshared/0b6b/hdl/axi_register_slice_v2_1_vl_rfs.v:85]
INFO: [Synth 8-256] done synthesizing module 'axi_register_slice_v2_1_11_axic_register_slice' (12#1) [/home/jgoeders/Arty-Z7-20-hdmi-out/src/bd/hdmi_out/ipshared/0b6b/hdl/axi_register_slice_v2_1_vl_rfs.v:85]
INFO: [Synth 8-638] synthesizing module 'axi_register_slice_v2_1_11_axic_register_slice__parameterized0' [/home/jgoeders/Arty-Z7-20-hdmi-out/src/bd/hdmi_out/ipshared/0b6b/hdl/axi_register_slice_v2_1_vl_rfs.v:85]
INFO: [Synth 8-256] done synthesizing module 'axi_register_slice_v2_1_11_axic_register_slice__parameterized0' (12#1) [/home/jgoeders/Arty-Z7-20-hdmi-out/src/bd/hdmi_out/ipshared/0b6b/hdl/axi_register_slice_v2_1_vl_rfs.v:85]
INFO: [Synth 8-638] synthesizing module 'axi_register_slice_v2_1_11_axic_register_slice__parameterized1' [/home/jgoeders/Arty-Z7-20-hdmi-out/src/bd/hdmi_out/ipshared/0b6b/hdl/axi_register_slice_v2_1_vl_rfs.v:85]
INFO: [Synth 8-256] done synthesizing module 'axi_register_slice_v2_1_11_axic_register_slice__parameterized1' (12#1) [/home/jgoeders/Arty-Z7-20-hdmi-out/src/bd/hdmi_out/ipshared/0b6b/hdl/axi_register_slice_v2_1_vl_rfs.v:85]
INFO: [Synth 8-638] synthesizing module 'axi_register_slice_v2_1_11_axic_register_slice__parameterized2' [/home/jgoeders/Arty-Z7-20-hdmi-out/src/bd/hdmi_out/ipshared/0b6b/hdl/axi_register_slice_v2_1_vl_rfs.v:85]
INFO: [Synth 8-256] done synthesizing module 'axi_register_slice_v2_1_11_axic_register_slice__parameterized2' (12#1) [/home/jgoeders/Arty-Z7-20-hdmi-out/src/bd/hdmi_out/ipshared/0b6b/hdl/axi_register_slice_v2_1_vl_rfs.v:85]
INFO: [Synth 8-638] synthesizing module 'axi_infrastructure_v1_1_0_vector2axi' [/home/jgoeders/Arty-Z7-20-hdmi-out/src/bd/hdmi_out/ipshared/7e3a/hdl/axi_infrastructure_v1_1_vl_rfs.v:474]
INFO: [Synth 8-256] done synthesizing module 'axi_infrastructure_v1_1_0_vector2axi' (13#1) [/home/jgoeders/Arty-Z7-20-hdmi-out/src/bd/hdmi_out/ipshared/7e3a/hdl/axi_infrastructure_v1_1_vl_rfs.v:474]
INFO: [Synth 8-256] done synthesizing module 'axi_register_slice_v2_1_11_axi_register_slice' (14#1) [/home/jgoeders/Arty-Z7-20-hdmi-out/src/bd/hdmi_out/ipshared/0b6b/hdl/axi_register_slice_v2_1_vl_rfs.v:791]
INFO: [Synth 8-638] synthesizing module 'axi_register_slice_v2_1_11_axi_register_slice__parameterized0' [/home/jgoeders/Arty-Z7-20-hdmi-out/src/bd/hdmi_out/ipshared/0b6b/hdl/axi_register_slice_v2_1_vl_rfs.v:791]
INFO: [Synth 8-638] synthesizing module 'axi_infrastructure_v1_1_0_axi2vector__parameterized0' [/home/jgoeders/Arty-Z7-20-hdmi-out/src/bd/hdmi_out/ipshared/7e3a/hdl/axi_infrastructure_v1_1_vl_rfs.v:60]
INFO: [Synth 8-256] done synthesizing module 'axi_infrastructure_v1_1_0_axi2vector__parameterized0' (14#1) [/home/jgoeders/Arty-Z7-20-hdmi-out/src/bd/hdmi_out/ipshared/7e3a/hdl/axi_infrastructure_v1_1_vl_rfs.v:60]
INFO: [Synth 8-638] synthesizing module 'axi_register_slice_v2_1_11_axic_register_slice__parameterized3' [/home/jgoeders/Arty-Z7-20-hdmi-out/src/bd/hdmi_out/ipshared/0b6b/hdl/axi_register_slice_v2_1_vl_rfs.v:85]
INFO: [Synth 8-256] done synthesizing module 'axi_register_slice_v2_1_11_axic_register_slice__parameterized3' (14#1) [/home/jgoeders/Arty-Z7-20-hdmi-out/src/bd/hdmi_out/ipshared/0b6b/hdl/axi_register_slice_v2_1_vl_rfs.v:85]
INFO: [Synth 8-638] synthesizing module 'axi_register_slice_v2_1_11_axic_register_slice__parameterized4' [/home/jgoeders/Arty-Z7-20-hdmi-out/src/bd/hdmi_out/ipshared/0b6b/hdl/axi_register_slice_v2_1_vl_rfs.v:85]
INFO: [Synth 8-256] done synthesizing module 'axi_register_slice_v2_1_11_axic_register_slice__parameterized4' (14#1) [/home/jgoeders/Arty-Z7-20-hdmi-out/src/bd/hdmi_out/ipshared/0b6b/hdl/axi_register_slice_v2_1_vl_rfs.v:85]
INFO: [Synth 8-638] synthesizing module 'axi_register_slice_v2_1_11_axic_register_slice__parameterized5' [/home/jgoeders/Arty-Z7-20-hdmi-out/src/bd/hdmi_out/ipshared/0b6b/hdl/axi_register_slice_v2_1_vl_rfs.v:85]
INFO: [Synth 8-256] done synthesizing module 'axi_register_slice_v2_1_11_axic_register_slice__parameterized5' (14#1) [/home/jgoeders/Arty-Z7-20-hdmi-out/src/bd/hdmi_out/ipshared/0b6b/hdl/axi_register_slice_v2_1_vl_rfs.v:85]
INFO: [Synth 8-638] synthesizing module 'axi_register_slice_v2_1_11_axic_register_slice__parameterized6' [/home/jgoeders/Arty-Z7-20-hdmi-out/src/bd/hdmi_out/ipshared/0b6b/hdl/axi_register_slice_v2_1_vl_rfs.v:85]
INFO: [Synth 8-256] done synthesizing module 'axi_register_slice_v2_1_11_axic_register_slice__parameterized6' (14#1) [/home/jgoeders/Arty-Z7-20-hdmi-out/src/bd/hdmi_out/ipshared/0b6b/hdl/axi_register_slice_v2_1_vl_rfs.v:85]
INFO: [Synth 8-638] synthesizing module 'axi_register_slice_v2_1_11_axic_register_slice__parameterized7' [/home/jgoeders/Arty-Z7-20-hdmi-out/src/bd/hdmi_out/ipshared/0b6b/hdl/axi_register_slice_v2_1_vl_rfs.v:85]
INFO: [Synth 8-256] done synthesizing module 'axi_register_slice_v2_1_11_axic_register_slice__parameterized7' (14#1) [/home/jgoeders/Arty-Z7-20-hdmi-out/src/bd/hdmi_out/ipshared/0b6b/hdl/axi_register_slice_v2_1_vl_rfs.v:85]
INFO: [Synth 8-638] synthesizing module 'axi_infrastructure_v1_1_0_vector2axi__parameterized0' [/home/jgoeders/Arty-Z7-20-hdmi-out/src/bd/hdmi_out/ipshared/7e3a/hdl/axi_infrastructure_v1_1_vl_rfs.v:474]
INFO: [Synth 8-256] done synthesizing module 'axi_infrastructure_v1_1_0_vector2axi__parameterized0' (14#1) [/home/jgoeders/Arty-Z7-20-hdmi-out/src/bd/hdmi_out/ipshared/7e3a/hdl/axi_infrastructure_v1_1_vl_rfs.v:474]
INFO: [Synth 8-256] done synthesizing module 'axi_register_slice_v2_1_11_axi_register_slice__parameterized0' (14#1) [/home/jgoeders/Arty-Z7-20-hdmi-out/src/bd/hdmi_out/ipshared/0b6b/hdl/axi_register_slice_v2_1_vl_rfs.v:791]
INFO: [Synth 8-256] done synthesizing module 'axi_protocol_converter_v2_1_11_b2s' (15#1) [/home/jgoeders/Arty-Z7-20-hdmi-out/src/bd/hdmi_out/ipshared/df1b/hdl/axi_protocol_converter_v2_1_vl_rfs.v:4224]
INFO: [Synth 8-256] done synthesizing module 'axi_protocol_converter_v2_1_11_axi_protocol_converter' (16#1) [/home/jgoeders/Arty-Z7-20-hdmi-out/src/bd/hdmi_out/ipshared/df1b/hdl/axi_protocol_converter_v2_1_vl_rfs.v:4806]
INFO: [Synth 8-256] done synthesizing module 'hdmi_out_auto_pc_1' (17#1) [/home/jgoeders/Arty-Z7-20-hdmi-out/src/bd/hdmi_out/ip/hdmi_out_auto_pc_1/synth/hdmi_out_auto_pc_1.v:58]
Finished RTL Elaboration : Time (s): cpu = 00:01:00 ; elapsed = 00:01:05 . Memory (MB): peak = 1258.023 ; gain = 327.555 ; free physical = 26200 ; free virtual = 50575
Finished RTL Optimization Phase 1 : Time (s): cpu = 00:01:00 ; elapsed = 00:01:06 . Memory (MB): peak = 1258.023 ; gain = 327.555 ; free physical = 26200 ; free virtual = 50575
INFO: [Device 21-403] Loading part xc7z020clg400-1
Constraint Validation Runtime : Time (s): cpu = 00:00:00.13 ; elapsed = 00:00:00.21 . Memory (MB): peak = 1572.898 ; gain = 0.000 ; free physical = 26350 ; free virtual = 50740
Finished Constraint Validation : Time (s): cpu = 00:01:14 ; elapsed = 00:01:33 . Memory (MB): peak = 1572.898 ; gain = 642.430 ; free physical = 26103 ; free virtual = 50493
Finished Loading Part and Timing Information : Time (s): cpu = 00:01:14 ; elapsed = 00:01:33 . Memory (MB): peak = 1572.898 ; gain = 642.430 ; free physical = 26100 ; free virtual = 50491
Finished applying 'set_property' XDC Constraints : Time (s): cpu = 00:01:14 ; elapsed = 00:01:33 . Memory (MB): peak = 1572.898 ; gain = 642.430 ; free physical = 26100 ; free virtual = 50491
Finished RTL Optimization Phase 2 : Time (s): cpu = 00:01:15 ; elapsed = 00:01:34 . Memory (MB): peak = 1572.898 ; gain = 642.430 ; free physical = 26085 ; free virtual = 50476
Finished Cross Boundary and Area Optimization : Time (s): cpu = 00:01:18 ; elapsed = 00:01:38 . Memory (MB): peak = 1572.898 ; gain = 642.430 ; free physical = 25968 ; free virtual = 50360
Finished Applying XDC Timing Constraints : Time (s): cpu = 00:01:29 ; elapsed = 00:01:50 . Memory (MB): peak = 1572.898 ; gain = 642.430 ; free physical = 25733 ; free virtual = 50125
Finished Timing Optimization : Time (s): cpu = 00:01:32 ; elapsed = 00:01:52 . Memory (MB): peak = 1572.898 ; gain = 642.430 ; free physical = 25679 ; free virtual = 50072
Finished Technology Mapping : Time (s): cpu = 00:01:32 ; elapsed = 00:01:52 . Memory (MB): peak = 1572.898 ; gain = 642.430 ; free physical = 25670 ; free virtual = 50062
Finished IO Insertion : Time (s): cpu = 00:01:33 ; elapsed = 00:01:53 . Memory (MB): peak = 1572.898 ; gain = 642.430 ; free physical = 25664 ; free virtual = 50058
Finished Renaming Generated Instances : Time (s): cpu = 00:01:33 ; elapsed = 00:01:53 . Memory (MB): peak = 1572.898 ; gain = 642.430 ; free physical = 25664 ; free virtual = 50058
Finished Rebuilding User Hierarchy : Time (s): cpu = 00:01:33 ; elapsed = 00:01:54 . Memory (MB): peak = 1572.898 ; gain = 642.430 ; free physical = 25661 ; free virtual = 50054
Finished Renaming Generated Ports : Time (s): cpu = 00:01:33 ; elapsed = 00:01:54 . Memory (MB): peak = 1572.898 ; gain = 642.430 ; free physical = 25661 ; free virtual = 50054
Finished Handling Custom Attributes : Time (s): cpu = 00:01:33 ; elapsed = 00:01:54 . Memory (MB): peak = 1572.898 ; gain = 642.430 ; free physical = 25652 ; free virtual = 50045
Finished Renaming Generated Nets : Time (s): cpu = 00:01:33 ; elapsed = 00:01:54 . Memory (MB): peak = 1572.898 ; gain = 642.430 ; free physical = 25651 ; free virtual = 50045

Report Cell Usage: 
+------+--------+------+
|      |Cell    |Count |
+------+--------+------+
|1     |CARRY4  |    18|
|2     |LUT1    |    38|
|3     |LUT2    |    18|
|4     |LUT3    |   235|
|5     |LUT4    |    41|
|6     |LUT5    |    70|
|7     |LUT6    |   106|
|8     |SRL16E  |    18|
|9     |SRLC32E |    47|
|10    |FDRE    |   548|
|11    |FDSE    |    51|
+------+--------+------+
Finished Writing Synthesis Report : Time (s): cpu = 00:01:33 ; elapsed = 00:01:54 . Memory (MB): peak = 1572.898 ; gain = 642.430 ; free physical = 25651 ; free virtual = 50044
synth_design: Time (s): cpu = 00:01:27 ; elapsed = 00:01:45 . Memory (MB): peak = 1594.508 ; gain = 545.535 ; free physical = 26253 ; free virtual = 50648
